<?xml version="1.0" encoding="UTF-8"?>
<!-- Generated by org.testng.reporters.JUnitReportReporter -->
<testsuite hostname="thunderdome" name="com.bility.test.regressionTests.YahooTest" tests="1" failures="0" timestamp="4 Feb 2016 11:11:21 GMT" time="4.596" errors="0">
  <testcase name="yahooSearch" time="4.596" classname="com.bility.test.regressionTests.YahooTest"/>
</testsuite> <!-- com.bility.test.regressionTests.YahooTest -->
